The player will go first
     a   b   c   d   e   f   g   h
   +---+---+---+---+---+---+---+---+
 1 |   |   |   |   |   |   |   |   |
   +---+---+---+---+---+---+---+---+
 2 |   |   |   |   |   |   |   |   |
   +---+---+---+---+---+---+---+---+
 3 |   |   |   |   |   |   |   |   |
   +---+---+---+---+---+---+---+---+
 4 |   |   |   |   |   |   |   |   |
   +---+---+---+---+---+---+---+---+
 5 |   |   |   |   |   |   |   |   |
   +---+---+---+---+---+---+---+---+
 6 |   |   |   |   |   |   |   |   |
   +---+---+---+---+---+---+---+---+
 7 |   |   |   |   |   |   |   |   |
   +---+---+---+---+---+---+---+---+
 8 |   |   |   |   |   |   |   |   |
   +---+---+---+---+---+---+---+---+
Move played: c5
     a   b   c   d   e   f   g   h
   +---+---+---+---+---+---+---+---+
 1 |   |   |   |   |   |   |   |   |
   +---+---+---+---+---+---+---+---+
 2 |   |   |   |   |   |   |   |   |
   +---+---+---+---+---+---+---+---+
 3 |   |   |   |   |   |   |   |   |
   +---+---+---+---+---+---+---+---+
 4 |   |   |   |   |   |   |   |   |
   +---+---+---+---+---+---+---+---+
 5 |   |   | D |   |   |   |   |   |
   +---+---+---+---+---+---+---+---+
 6 |   |   |   |   |   |   |   |   |
   +---+---+---+---+---+---+---+---+
 7 |   |   |   |   |   |   |   |   |
   +---+---+---+---+---+---+---+---+
 8 |   |   |   |   |   |   |   |   |
   +---+---+---+---+---+---+---+---+
Move played: c6
     a   b   c   d   e   f   g   h
   +---+---+---+---+---+---+---+---+
 1 |   |   |   |   |   |   |   |   |
   +---+---+---+---+---+---+---+---+
 2 |   |   |   |   |   |   |   |   |
   +---+---+---+---+---+---+---+---+
 3 |   |   |   |   |   |   |   |   |
   +---+---+---+---+---+---+---+---+
 4 |   |   |   |   |   |   |   |   |
   +---+---+---+---+---+---+---+---+
 5 |   |   | D |   |   |   |   |   |
   +---+---+---+---+---+---+---+---+
 6 |   |   | L |   |   |   |   |   |
   +---+---+---+---+---+---+---+---+
 7 |   |   |   |   |   |   |   |   |
   +---+---+---+---+---+---+---+---+
 8 |   |   |   |   |   |   |   |   |
   +---+---+---+---+---+---+---+---+
Move played: g2
     a   b   c   d   e   f   g   h
   +---+---+---+---+---+---+---+---+
 1 |   |   |   |   |   |   |   |   |
   +---+---+---+---+---+---+---+---+
 2 |   |   |   |   |   |   | D |   |
   +---+---+---+---+---+---+---+---+
 3 |   |   |   |   |   |   |   |   |
   +---+---+---+---+---+---+---+---+
 4 |   |   |   |   |   |   |   |   |
   +---+---+---+---+---+---+---+---+
 5 |   |   | D |   |   |   |   |   |
   +---+---+---+---+---+---+---+---+
 6 |   |   | L |   |   |   |   |   |
   +---+---+---+---+---+---+---+---+
 7 |   |   |   |   |   |   |   |   |
   +---+---+---+---+---+---+---+---+
 8 |   |   |   |   |   |   |   |   |
   +---+---+---+---+---+---+---+---+
Move played: f2
     a   b   c   d   e   f   g   h
   +---+---+---+---+---+---+---+---+
 1 |   |   |   |   |   |   |   |   |
   +---+---+---+---+---+---+---+---+
 2 |   |   |   |   |   | L | D |   |
   +---+---+---+---+---+---+---+---+
 3 |   |   |   |   |   |   |   |   |
   +---+---+---+---+---+---+---+---+
 4 |   |   |   |   |   |   |   |   |
   +---+---+---+---+---+---+---+---+
 5 |   |   | D |   |   |   |   |   |
   +---+---+---+---+---+---+---+---+
 6 |   |   | L |   |   |   |   |   |
   +---+---+---+---+---+---+---+---+
 7 |   |   |   |   |   |   |   |   |
   +---+---+---+---+---+---+---+---+
 8 |   |   |   |   |   |   |   |   |
   +---+---+---+---+---+---+---+---+
Move played: h7
     a   b   c   d   e   f   g   h
   +---+---+---+---+---+---+---+---+
 1 |   |   |   |   |   |   |   |   |
   +---+---+---+---+---+---+---+---+
 2 |   |   |   |   |   | L | D |   |
   +---+---+---+---+---+---+---+---+
 3 |   |   |   |   |   |   |   |   |
   +---+---+---+---+---+---+---+---+
 4 |   |   |   |   |   |   |   |   |
   +---+---+---+---+---+---+---+---+
 5 |   |   | D |   |   |   |   |   |
   +---+---+---+---+---+---+---+---+
 6 |   |   | L |   |   |   |   |   |
   +---+---+---+---+---+---+---+---+
 7 |   |   |   |   |   |   |   | D |
   +---+---+---+---+---+---+---+---+
 8 |   |   |   |   |   |   |   |   |
   +---+---+---+---+---+---+---+---+
Move played: f3
     a   b   c   d   e   f   g   h
   +---+---+---+---+---+---+---+---+
 1 |   |   |   |   |   |   |   |   |
   +---+---+---+---+---+---+---+---+
 2 |   |   |   |   |   | L | D |   |
   +---+---+---+---+---+---+---+---+
 3 |   |   |   |   |   | L |   |   |
   +---+---+---+---+---+---+---+---+
 4 |   |   |   |   |   |   |   |   |
   +---+---+---+---+---+---+---+---+
 5 |   |   | D |   |   |   |   |   |
   +---+---+---+---+---+---+---+---+
 6 |   |   | L |   |   |   |   |   |
   +---+---+---+---+---+---+---+---+
 7 |   |   |   |   |   |   |   | D |
   +---+---+---+---+---+---+---+---+
 8 |   |   |   |   |   |   |   |   |
   +---+---+---+---+---+---+---+---+
Move played: g5
     a   b   c   d   e   f   g   h
   +---+---+---+---+---+---+---+---+
 1 |   |   |   |   |   |   |   |   |
   +---+---+---+---+---+---+---+---+
 2 |   |   |   |   |   | L | D |   |
   +---+---+---+---+---+---+---+---+
 3 |   |   |   |   |   | L |   |   |
   +---+---+---+---+---+---+---+---+
 4 |   |   |   |   |   |   |   |   |
   +---+---+---+---+---+---+---+---+
 5 |   |   | D |   |   |   | D |   |
   +---+---+---+---+---+---+---+---+
 6 |   |   | L |   |   |   |   |   |
   +---+---+---+---+---+---+---+---+
 7 |   |   |   |   |   |   |   | D |
   +---+---+---+---+---+---+---+---+
 8 |   |   |   |   |   |   |   |   |
   +---+---+---+---+---+---+---+---+
Move played: h2
     a   b   c   d   e   f   g   h
   +---+---+---+---+---+---+---+---+
 1 |   |   |   |   |   |   |   |   |
   +---+---+---+---+---+---+---+---+
 2 |   |   |   |   |   | L | D | L |
   +---+---+---+---+---+---+---+---+
 3 |   |   |   |   |   | L |   |   |
   +---+---+---+---+---+---+---+---+
 4 |   |   |   |   |   |   |   |   |
   +---+---+---+---+---+---+---+---+
 5 |   |   | D |   |   |   | D |   |
   +---+---+---+---+---+---+---+---+
 6 |   |   | L |   |   |   |   |   |
   +---+---+---+---+---+---+---+---+
 7 |   |   |   |   |   |   |   | D |
   +---+---+---+---+---+---+---+---+
 8 |   |   |   |   |   |   |   |   |
   +---+---+---+---+---+---+---+---+
Move played: g7
     a   b   c   d   e   f   g   h
   +---+---+---+---+---+---+---+---+
 1 |   |   |   |   |   |   |   |   |
   +---+---+---+---+---+---+---+---+
 2 |   |   |   |   |   | L | D | L |
   +---+---+---+---+---+---+---+---+
 3 |   |   |   |   |   | L |   |   |
   +---+---+---+---+---+---+---+---+
 4 |   |   |   |   |   |   |   |   |
   +---+---+---+---+---+---+---+---+
 5 |   |   | D |   |   |   | D |   |
   +---+---+---+---+---+---+---+---+
 6 |   |   | L |   |   |   |   |   |
   +---+---+---+---+---+---+---+---+
 7 |   |   |   |   |   |   | D | D |
   +---+---+---+---+---+---+---+---+
 8 |   |   |   |   |   |   |   |   |
   +---+---+---+---+---+---+---+---+
Move played: h5
     a   b   c   d   e   f   g   h
   +---+---+---+---+---+---+---+---+
 1 |   |   |   |   |   |   |   |   |
   +---+---+---+---+---+---+---+---+
 2 |   |   |   |   |   | L | D | L |
   +---+---+---+---+---+---+---+---+
 3 |   |   |   |   |   | L |   |   |
   +---+---+---+---+---+---+---+---+
 4 |   |   |   |   |   |   |   |   |
   +---+---+---+---+---+---+---+---+
 5 |   |   | D |   |   |   | D | L |
   +---+---+---+---+---+---+---+---+
 6 |   |   | L |   |   |   |   |   |
   +---+---+---+---+---+---+---+---+
 7 |   |   |   |   |   |   | D | D |
   +---+---+---+---+---+---+---+---+
 8 |   |   |   |   |   |   |   |   |
   +---+---+---+---+---+---+---+---+
Move played: c7
     a   b   c   d   e   f   g   h
   +---+---+---+---+---+---+---+---+
 1 |   |   |   |   |   |   |   |   |
   +---+---+---+---+---+---+---+---+
 2 |   |   |   |   |   | L | D | L |
   +---+---+---+---+---+---+---+---+
 3 |   |   |   |   |   | L |   |   |
   +---+---+---+---+---+---+---+---+
 4 |   |   |   |   |   |   |   |   |
   +---+---+---+---+---+---+---+---+
 5 |   |   | D |   |   |   | D | L |
   +---+---+---+---+---+---+---+---+
 6 |   |   | L |   |   |   |   |   |
   +---+---+---+---+---+---+---+---+
 7 |   |   | D |   |   |   | D | D |
   +---+---+---+---+---+---+---+---+
 8 |   |   |   |   |   |   |   |   |
   +---+---+---+---+---+---+---+---+
Move played: d4
     a   b   c   d   e   f   g   h
   +---+---+---+---+---+---+---+---+
 1 |   |   |   |   |   |   |   |   |
   +---+---+---+---+---+---+---+---+
 2 |   |   |   |   |   | L | D | L |
   +---+---+---+---+---+---+---+---+
 3 |   |   |   |   |   | L |   |   |
   +---+---+---+---+---+---+---+---+
 4 |   |   |   | L |   |   |   |   |
   +---+---+---+---+---+---+---+---+
 5 |   |   | D |   |   |   | D | L |
   +---+---+---+---+---+---+---+---+
 6 |   |   | L |   |   |   |   |   |
   +---+---+---+---+---+---+---+---+
 7 |   |   | D |   |   |   | D | D |
   +---+---+---+---+---+---+---+---+
 8 |   |   |   |   |   |   |   |   |
   +---+---+---+---+---+---+---+---+
Move played: h4
     a   b   c   d   e   f   g   h
   +---+---+---+---+---+---+---+---+
 1 |   |   |   |   |   |   |   |   |
   +---+---+---+---+---+---+---+---+
 2 |   |   |   |   |   | L | D | L |
   +---+---+---+---+---+---+---+---+
 3 |   |   |   |   |   | L |   |   |
   +---+---+---+---+---+---+---+---+
 4 |   |   |   | L |   |   |   | D |
   +---+---+---+---+---+---+---+---+
 5 |   |   | D |   |   |   | D | L |
   +---+---+---+---+---+---+---+---+
 6 |   |   | L |   |   |   |   |   |
   +---+---+---+---+---+---+---+---+
 7 |   |   | D |   |   |   | D | D |
   +---+---+---+---+---+---+---+---+
 8 |   |   |   |   |   |   |   |   |
   +---+---+---+---+---+---+---+---+
Move played: c3
     a   b   c   d   e   f   g   h
   +---+---+---+---+---+---+---+---+
 1 |   |   |   |   |   |   |   |   |
   +---+---+---+---+---+---+---+---+
 2 |   |   |   |   |   | L | D | L |
   +---+---+---+---+---+---+---+---+
 3 |   |   | L |   |   | L |   |   |
   +---+---+---+---+---+---+---+---+
 4 |   |   |   | L |   |   |   | D |
   +---+---+---+---+---+---+---+---+
 5 |   |   | D |   |   |   | D | L |
   +---+---+---+---+---+---+---+---+
 6 |   |   | L |   |   |   |   |   |
   +---+---+---+---+---+---+---+---+
 7 |   |   | D |   |   |   | D | D |
   +---+---+---+---+---+---+---+---+
 8 |   |   |   |   |   |   |   |   |
   +---+---+---+---+---+---+---+---+
Move played: a4
     a   b   c   d   e   f   g   h
   +---+---+---+---+---+---+---+---+
 1 |   |   |   |   |   |   |   |   |
   +---+---+---+---+---+---+---+---+
 2 |   |   |   |   |   | L | D | L |
   +---+---+---+---+---+---+---+---+
 3 |   |   | L |   |   | L |   |   |
   +---+---+---+---+---+---+---+---+
 4 | D |   |   | L |   |   |   | D |
   +---+---+---+---+---+---+---+---+
 5 |   |   | D |   |   |   | D | L |
   +---+---+---+---+---+---+---+---+
 6 |   |   | L |   |   |   |   |   |
   +---+---+---+---+---+---+---+---+
 7 |   |   | D |   |   |   | D | D |
   +---+---+---+---+---+---+---+---+
 8 |   |   |   |   |   |   |   |   |
   +---+---+---+---+---+---+---+---+
Move played: c2
     a   b   c   d   e   f   g   h
   +---+---+---+---+---+---+---+---+
 1 |   |   |   |   |   |   |   |   |
   +---+---+---+---+---+---+---+---+
 2 |   |   | L |   |   | L | D | L |
   +---+---+---+---+---+---+---+---+
 3 |   |   | L |   |   | L |   |   |
   +---+---+---+---+---+---+---+---+
 4 | D |   |   | L |   |   |   | D |
   +---+---+---+---+---+---+---+---+
 5 |   |   | D |   |   |   | D | L |
   +---+---+---+---+---+---+---+---+
 6 |   |   | L |   |   |   |   |   |
   +---+---+---+---+---+---+---+---+
 7 |   |   | D |   |   |   | D | D |
   +---+---+---+---+---+---+---+---+
 8 |   |   |   |   |   |   |   |   |
   +---+---+---+---+---+---+---+---+
Move played: b2
     a   b   c   d   e   f   g   h
   +---+---+---+---+---+---+---+---+
 1 |   |   |   |   |   |   |   |   |
   +---+---+---+---+---+---+---+---+
 2 |   | D | L |   |   | L | D | L |
   +---+---+---+---+---+---+---+---+
 3 |   |   | L |   |   | L |   |   |
   +---+---+---+---+---+---+---+---+
 4 | D |   |   | L |   |   |   | D |
   +---+---+---+---+---+---+---+---+
 5 |   |   | D |   |   |   | D | L |
   +---+---+---+---+---+---+---+---+
 6 |   |   | L |   |   |   |   |   |
   +---+---+---+---+---+---+---+---+
 7 |   |   | D |   |   |   | D | D |
   +---+---+---+---+---+---+---+---+
 8 |   |   |   |   |   |   |   |   |
   +---+---+---+---+---+---+---+---+
Move played: f7
     a   b   c   d   e   f   g   h
   +---+---+---+---+---+---+---+---+
 1 |   |   |   |   |   |   |   |   |
   +---+---+---+---+---+---+---+---+
 2 |   | D | L |   |   | L | D | L |
   +---+---+---+---+---+---+---+---+
 3 |   |   | L |   |   | L |   |   |
   +---+---+---+---+---+---+---+---+
 4 | D |   |   | L |   |   |   | D |
   +---+---+---+---+---+---+---+---+
 5 |   |   | D |   |   |   | D | L |
   +---+---+---+---+---+---+---+---+
 6 |   |   | L |   |   |   |   |   |
   +---+---+---+---+---+---+---+---+
 7 |   |   | D |   |   | L | D | D |
   +---+---+---+---+---+---+---+---+
 8 |   |   |   |   |   |   |   |   |
   +---+---+---+---+---+---+---+---+
Move played: g4
     a   b   c   d   e   f   g   h
   +---+---+---+---+---+---+---+---+
 1 |   |   |   |   |   |   |   |   |
   +---+---+---+---+---+---+---+---+
 2 |   | D | L |   |   | L | D | L |
   +---+---+---+---+---+---+---+---+
 3 |   |   | L |   |   | L |   |   |
   +---+---+---+---+---+---+---+---+
 4 | D |   |   | L |   |   | D | D |
   +---+---+---+---+---+---+---+---+
 5 |   |   | D |   |   |   | D | L |
   +---+---+---+---+---+---+---+---+
 6 |   |   | L |   |   |   |   |   |
   +---+---+---+---+---+---+---+---+
 7 |   |   | D |   |   | L | D | D |
   +---+---+---+---+---+---+---+---+
 8 |   |   |   |   |   |   |   |   |
   +---+---+---+---+---+---+---+---+
Move played: e6
     a   b   c   d   e   f   g   h
   +---+---+---+---+---+---+---+---+
 1 |   |   |   |   |   |   |   |   |
   +---+---+---+---+---+---+---+---+
 2 |   | D | L |   |   | L | D | L |
   +---+---+---+---+---+---+---+---+
 3 |   |   | L |   |   | L |   |   |
   +---+---+---+---+---+---+---+---+
 4 | D |   |   | L |   |   | D | D |
   +---+---+---+---+---+---+---+---+
 5 |   |   | D |   |   |   | D | L |
   +---+---+---+---+---+---+---+---+
 6 |   |   | L |   | L |   |   |   |
   +---+---+---+---+---+---+---+---+
 7 |   |   | D |   |   | L | D | D |
   +---+---+---+---+---+---+---+---+
 8 |   |   |   |   |   |   |   |   |
   +---+---+---+---+---+---+---+---+
Move played: e5
     a   b   c   d   e   f   g   h
   +---+---+---+---+---+---+---+---+
 1 |   |   |   |   |   |   |   |   |
   +---+---+---+---+---+---+---+---+
 2 |   | D | L |   |   | L | D | L |
   +---+---+---+---+---+---+---+---+
 3 |   |   | L |   |   | L |   |   |
   +---+---+---+---+---+---+---+---+
 4 | D |   |   | L |   |   | D | D |
   +---+---+---+---+---+---+---+---+
 5 |   |   | D |   | D |   | D | L |
   +---+---+---+---+---+---+---+---+
 6 |   |   | L |   | L |   |   |   |
   +---+---+---+---+---+---+---+---+
 7 |   |   | D |   |   | L | D | D |
   +---+---+---+---+---+---+---+---+
 8 |   |   |   |   |   |   |   |   |
   +---+---+---+---+---+---+---+---+
Move played: f1
     a   b   c   d   e   f   g   h
   +---+---+---+---+---+---+---+---+
 1 |   |   |   |   |   | L |   |   |
   +---+---+---+---+---+---+---+---+
 2 |   | D | L |   |   | L | D | L |
   +---+---+---+---+---+---+---+---+
 3 |   |   | L |   |   | L |   |   |
   +---+---+---+---+---+---+---+---+
 4 | D |   |   | L |   |   | D | D |
   +---+---+---+---+---+---+---+---+
 5 |   |   | D |   | D |   | D | L |
   +---+---+---+---+---+---+---+---+
 6 |   |   | L |   | L |   |   |   |
   +---+---+---+---+---+---+---+---+
 7 |   |   | D |   |   | L | D | D |
   +---+---+---+---+---+---+---+---+
 8 |   |   |   |   |   |   |   |   |
   +---+---+---+---+---+---+---+---+
Move played: f5
     a   b   c   d   e   f   g   h
   +---+---+---+---+---+---+---+---+
 1 |   |   |   |   |   | L |   |   |
   +---+---+---+---+---+---+---+---+
 2 |   | D | L |   |   | L | D | L |
   +---+---+---+---+---+---+---+---+
 3 |   |   | L |   |   | L |   |   |
   +---+---+---+---+---+---+---+---+
 4 | D |   |   | L |   |   | D | D |
   +---+---+---+---+---+---+---+---+
 5 |   |   | D |   | D | D | D | L |
   +---+---+---+---+---+---+---+---+
 6 |   |   | L |   | L |   |   |   |
   +---+---+---+---+---+---+---+---+
 7 |   |   | D |   |   | L | D | D |
   +---+---+---+---+---+---+---+---+
 8 |   |   |   |   |   |   |   |   |
   +---+---+---+---+---+---+---+---+
Move played: g6
     a   b   c   d   e   f   g   h
   +---+---+---+---+---+---+---+---+
 1 |   |   |   |   |   | L |   |   |
   +---+---+---+---+---+---+---+---+
 2 |   | D | L |   |   | L | D | L |
   +---+---+---+---+---+---+---+---+
 3 |   |   | L |   |   | L |   |   |
   +---+---+---+---+---+---+---+---+
 4 | D |   |   | L |   |   | D | D |
   +---+---+---+---+---+---+---+---+
 5 |   |   | D |   | D | D | D | L |
   +---+---+---+---+---+---+---+---+
 6 |   |   | L |   | L |   | L |   |
   +---+---+---+---+---+---+---+---+
 7 |   |   | D |   |   | L | D | D |
   +---+---+---+---+---+---+---+---+
 8 |   |   |   |   |   |   |   |   |
   +---+---+---+---+---+---+---+---+
Move played: a3
     a   b   c   d   e   f   g   h
   +---+---+---+---+---+---+---+---+
 1 |   |   |   |   |   | L |   |   |
   +---+---+---+---+---+---+---+---+
 2 |   | D | L |   |   | L | D | L |
   +---+---+---+---+---+---+---+---+
 3 | D |   | L |   |   | L |   |   |
   +---+---+---+---+---+---+---+---+
 4 | D |   |   | L |   |   | D | D |
   +---+---+---+---+---+---+---+---+
 5 |   |   | D |   | D | D | D | L |
   +---+---+---+---+---+---+---+---+
 6 |   |   | L |   | L |   | L |   |
   +---+---+---+---+---+---+---+---+
 7 |   |   | D |   |   | L | D | D |
   +---+---+---+---+---+---+---+---+
 8 |   |   |   |   |   |   |   |   |
   +---+---+---+---+---+---+---+---+
Move played: a2
     a   b   c   d   e   f   g   h
   +---+---+---+---+---+---+---+---+
 1 |   |   |   |   |   | L |   |   |
   +---+---+---+---+---+---+---+---+
 2 | L | D | L |   |   | L | D | L |
   +---+---+---+---+---+---+---+---+
 3 | D |   | L |   |   | L |   |   |
   +---+---+---+---+---+---+---+---+
 4 | D |   |   | L |   |   | D | D |
   +---+---+---+---+---+---+---+---+
 5 |   |   | D |   | D | D | D | L |
   +---+---+---+---+---+---+---+---+
 6 |   |   | L |   | L |   | L |   |
   +---+---+---+---+---+---+---+---+
 7 |   |   | D |   |   | L | D | D |
   +---+---+---+---+---+---+---+---+
 8 |   |   |   |   |   |   |   |   |
   +---+---+---+---+---+---+---+---+
Move played: f8
     a   b   c   d   e   f   g   h
   +---+---+---+---+---+---+---+---+
 1 |   |   |   |   |   | L |   |   |
   +---+---+---+---+---+---+---+---+
 2 | L | D | L |   |   | L | D | L |
   +---+---+---+---+---+---+---+---+
 3 | D |   | L |   |   | L |   |   |
   +---+---+---+---+---+---+---+---+
 4 | D |   |   | L |   |   | D | D |
   +---+---+---+---+---+---+---+---+
 5 |   |   | D |   | D | D | D | L |
   +---+---+---+---+---+---+---+---+
 6 |   |   | L |   | L |   | L |   |
   +---+---+---+---+---+---+---+---+
 7 |   |   | D |   |   | L | D | D |
   +---+---+---+---+---+---+---+---+
 8 |   |   |   |   |   | D |   |   |
   +---+---+---+---+---+---+---+---+
Move played: d6
     a   b   c   d   e   f   g   h
   +---+---+---+---+---+---+---+---+
 1 |   |   |   |   |   | L |   |   |
   +---+---+---+---+---+---+---+---+
 2 | L | D | L |   |   | L | D | L |
   +---+---+---+---+---+---+---+---+
 3 | D |   | L |   |   | L |   |   |
   +---+---+---+---+---+---+---+---+
 4 | D |   |   | L |   |   | D | D |
   +---+---+---+---+---+---+---+---+
 5 |   |   | D |   | D | D | D | L |
   +---+---+---+---+---+---+---+---+
 6 |   |   | L | L | L |   | L |   |
   +---+---+---+---+---+---+---+---+
 7 |   |   | D |   |   | L | D | D |
   +---+---+---+---+---+---+---+---+
 8 |   |   |   |   |   | D |   |   |
   +---+---+---+---+---+---+---+---+
Move played: g8
     a   b   c   d   e   f   g   h
   +---+---+---+---+---+---+---+---+
 1 |   |   |   |   |   | L |   |   |
   +---+---+---+---+---+---+---+---+
 2 | L | D | L |   |   | L | D | L |
   +---+---+---+---+---+---+---+---+
 3 | D |   | L |   |   | L |   |   |
   +---+---+---+---+---+---+---+---+
 4 | D |   |   | L |   |   | D | D |
   +---+---+---+---+---+---+---+---+
 5 |   |   | D |   | D | D | D | L |
   +---+---+---+---+---+---+---+---+
 6 |   |   | L | L | L |   | L |   |
   +---+---+---+---+---+---+---+---+
 7 |   |   | D |   |   | L | D | D |
   +---+---+---+---+---+---+---+---+
 8 |   |   |   |   |   | D | D |   |
   +---+---+---+---+---+---+---+---+
Move played: b5
     a   b   c   d   e   f   g   h
   +---+---+---+---+---+---+---+---+
 1 |   |   |   |   |   | L |   |   |
   +---+---+---+---+---+---+---+---+
 2 | L | D | L |   |   | L | D | L |
   +---+---+---+---+---+---+---+---+
 3 | D |   | L |   |   | L |   |   |
   +---+---+---+---+---+---+---+---+
 4 | D |   |   | L |   |   | D | D |
   +---+---+---+---+---+---+---+---+
 5 |   | L | D |   | D | D | D | L |
   +---+---+---+---+---+---+---+---+
 6 |   |   | L | L | L |   | L |   |
   +---+---+---+---+---+---+---+---+
 7 |   |   | D |   |   | L | D | D |
   +---+---+---+---+---+---+---+---+
 8 |   |   |   |   |   | D | D |   |
   +---+---+---+---+---+---+---+---+
Move played: b6
     a   b   c   d   e   f   g   h
   +---+---+---+---+---+---+---+---+
 1 |   |   |   |   |   | L |   |   |
   +---+---+---+---+---+---+---+---+
 2 | L | D | L |   |   | L | D | L |
   +---+---+---+---+---+---+---+---+
 3 | D |   | L |   |   | L |   |   |
   +---+---+---+---+---+---+---+---+
 4 | D |   |   | L |   |   | D | D |
   +---+---+---+---+---+---+---+---+
 5 |   | L | D |   | D | D | D | L |
   +---+---+---+---+---+---+---+---+
 6 |   | D | L | L | L |   | L |   |
   +---+---+---+---+---+---+---+---+
 7 |   |   | D |   |   | L | D | D |
   +---+---+---+---+---+---+---+---+
 8 |   |   |   |   |   | D | D |   |
   +---+---+---+---+---+---+---+---+
Move played: h6
     a   b   c   d   e   f   g   h
   +---+---+---+---+---+---+---+---+
 1 |   |   |   |   |   | L |   |   |
   +---+---+---+---+---+---+---+---+
 2 | L | D | L |   |   | L | D | L |
   +---+---+---+---+---+---+---+---+
 3 | D |   | L |   |   | L |   |   |
   +---+---+---+---+---+---+---+---+
 4 | D |   |   | L |   |   | D | D |
   +---+---+---+---+---+---+---+---+
 5 |   | L | D |   | D | D | D | L |
   +---+---+---+---+---+---+---+---+
 6 |   | D | L | L | L |   | L | L |
   +---+---+---+---+---+---+---+---+
 7 |   |   | D |   |   | L | D | D |
   +---+---+---+---+---+---+---+---+
 8 |   |   |   |   |   | D | D |   |
   +---+---+---+---+---+---+---+---+
Move played: a8
     a   b   c   d   e   f   g   h
   +---+---+---+---+---+---+---+---+
 1 |   |   |   |   |   | L |   |   |
   +---+---+---+---+---+---+---+---+
 2 | L | D | L |   |   | L | D | L |
   +---+---+---+---+---+---+---+---+
 3 | D |   | L |   |   | L |   |   |
   +---+---+---+---+---+---+---+---+
 4 | D |   |   | L |   |   | D | D |
   +---+---+---+---+---+---+---+---+
 5 |   | L | D |   | D | D | D | L |
   +---+---+---+---+---+---+---+---+
 6 |   | D | L | L | L |   | L | L |
   +---+---+---+---+---+---+---+---+
 7 |   |   | D |   |   | L | D | D |
   +---+---+---+---+---+---+---+---+
 8 | D |   |   |   |   | D | D |   |
   +---+---+---+---+---+---+---+---+
Move played: e4
     a   b   c   d   e   f   g   h
   +---+---+---+---+---+---+---+---+
 1 |   |   |   |   |   | L |   |   |
   +---+---+---+---+---+---+---+---+
 2 | L | D | L |   |   | L | D | L |
   +---+---+---+---+---+---+---+---+
 3 | D |   | L |   |   | L |   |   |
   +---+---+---+---+---+---+---+---+
 4 | D |   |   | L | L |   | D | D |
   +---+---+---+---+---+---+---+---+
 5 |   | L | D |   | D | D | D | L |
   +---+---+---+---+---+---+---+---+
 6 |   | D | L | L | L |   | L | L |
   +---+---+---+---+---+---+---+---+
 7 |   |   | D |   |   | L | D | D |
   +---+---+---+---+---+---+---+---+
 8 | D |   |   |   |   | D | D |   |
   +---+---+---+---+---+---+---+---+
Move played: b7
     a   b   c   d   e   f   g   h
   +---+---+---+---+---+---+---+---+
 1 |   |   |   |   |   | L |   |   |
   +---+---+---+---+---+---+---+---+
 2 | L | D | L |   |   | L | D | L |
   +---+---+---+---+---+---+---+---+
 3 | D |   | L |   |   | L |   |   |
   +---+---+---+---+---+---+---+---+
 4 | D |   |   | L | L |   | D | D |
   +---+---+---+---+---+---+---+---+
 5 |   | L | D |   | D | D | D | L |
   +---+---+---+---+---+---+---+---+
 6 |   | D | L | L | L |   | L | L |
   +---+---+---+---+---+---+---+---+
 7 |   | D | D |   |   | L | D | D |
   +---+---+---+---+---+---+---+---+
 8 | D |   |   |   |   | D | D |   |
   +---+---+---+---+---+---+---+---+
Move played: e1
     a   b   c   d   e   f   g   h
   +---+---+---+---+---+---+---+---+
 1 |   |   |   |   | L | L |   |   |
   +---+---+---+---+---+---+---+---+
 2 | L | D | L |   |   | L | D | L |
   +---+---+---+---+---+---+---+---+
 3 | D |   | L |   |   | L |   |   |
   +---+---+---+---+---+---+---+---+
 4 | D |   |   | L | L |   | D | D |
   +---+---+---+---+---+---+---+---+
 5 |   | L | D |   | D | D | D | L |
   +---+---+---+---+---+---+---+---+
 6 |   | D | L | L | L |   | L | L |
   +---+---+---+---+---+---+---+---+
 7 |   | D | D |   |   | L | D | D |
   +---+---+---+---+---+---+---+---+
 8 | D |   |   |   |   | D | D |   |
   +---+---+---+---+---+---+---+---+
Move played: g3
     a   b   c   d   e   f   g   h
   +---+---+---+---+---+---+---+---+
 1 |   |   |   |   | L | L |   |   |
   +---+---+---+---+---+---+---+---+
 2 | L | D | L |   |   | L | D | L |
   +---+---+---+---+---+---+---+---+
 3 | D |   | L |   |   | L | D |   |
   +---+---+---+---+---+---+---+---+
 4 | D |   |   | L | L |   | D | D |
   +---+---+---+---+---+---+---+---+
 5 |   | L | D |   | D | D | D | L |
   +---+---+---+---+---+---+---+---+
 6 |   | D | L | L | L |   | L | L |
   +---+---+---+---+---+---+---+---+
 7 |   | D | D |   |   | L | D | D |
   +---+---+---+---+---+---+---+---+
 8 | D |   |   |   |   | D | D |   |
   +---+---+---+---+---+---+---+---+
Move played: g1
     a   b   c   d   e   f   g   h
   +---+---+---+---+---+---+---+---+
 1 |   |   |   |   | L | L | L |   |
   +---+---+---+---+---+---+---+---+
 2 | L | D | L |   |   | L | D | L |
   +---+---+---+---+---+---+---+---+
 3 | D |   | L |   |   | L | D |   |
   +---+---+---+---+---+---+---+---+
 4 | D |   |   | L | L |   | D | D |
   +---+---+---+---+---+---+---+---+
 5 |   | L | D |   | D | D | D | L |
   +---+---+---+---+---+---+---+---+
 6 |   | D | L | L | L |   | L | L |
   +---+---+---+---+---+---+---+---+
 7 |   | D | D |   |   | L | D | D |
   +---+---+---+---+---+---+---+---+
 8 | D |   |   |   |   | D | D |   |
   +---+---+---+---+---+---+---+---+
Move played: d3
     a   b   c   d   e   f   g   h
   +---+---+---+---+---+---+---+---+
 1 |   |   |   |   | L | L | L |   |
   +---+---+---+---+---+---+---+---+
 2 | L | D | L |   |   | L | D | L |
   +---+---+---+---+---+---+---+---+
 3 | D |   | L | D |   | L | D |   |
   +---+---+---+---+---+---+---+---+
 4 | D |   |   | L | L |   | D | D |
   +---+---+---+---+---+---+---+---+
 5 |   | L | D |   | D | D | D | L |
   +---+---+---+---+---+---+---+---+
 6 |   | D | L | L | L |   | L | L |
   +---+---+---+---+---+---+---+---+
 7 |   | D | D |   |   | L | D | D |
   +---+---+---+---+---+---+---+---+
 8 | D |   |   |   |   | D | D |   |
   +---+---+---+---+---+---+---+---+
Move played: d7
     a   b   c   d   e   f   g   h
   +---+---+---+---+---+---+---+---+
 1 |   |   |   |   | L | L | L |   |
   +---+---+---+---+---+---+---+---+
 2 | L | D | L |   |   | L | D | L |
   +---+---+---+---+---+---+---+---+
 3 | D |   | L | D |   | L | D |   |
   +---+---+---+---+---+---+---+---+
 4 | D |   |   | L | L |   | D | D |
   +---+---+---+---+---+---+---+---+
 5 |   | L | D |   | D | D | D | L |
   +---+---+---+---+---+---+---+---+
 6 |   | D | L | L | L |   | L | L |
   +---+---+---+---+---+---+---+---+
 7 |   | D | D | L |   | L | D | D |
   +---+---+---+---+---+---+---+---+
 8 | D |   |   |   |   | D | D |   |
   +---+---+---+---+---+---+---+---+
Move played: e7
     a   b   c   d   e   f   g   h
   +---+---+---+---+---+---+---+---+
 1 |   |   |   |   | L | L | L |   |
   +---+---+---+---+---+---+---+---+
 2 | L | D | L |   |   | L | D | L |
   +---+---+---+---+---+---+---+---+
 3 | D |   | L | D |   | L | D |   |
   +---+---+---+---+---+---+---+---+
 4 | D |   |   | L | L |   | D | D |
   +---+---+---+---+---+---+---+---+
 5 |   | L | D |   | D | D | D | L |
   +---+---+---+---+---+---+---+---+
 6 |   | D | L | L | L |   | L | L |
   +---+---+---+---+---+---+---+---+
 7 |   | D | D | L | D | L | D | D |
   +---+---+---+---+---+---+---+---+
 8 | D |   |   |   |   | D | D |   |
   +---+---+---+---+---+---+---+---+
Move played: h8
